<?xml version="1.0" encoding="UTF-8"?>
<testsuite name="com.tw.LibraryTest" tests="2" skipped="0" failures="0" errors="0" timestamp="2018-04-17T11:57:04" hostname="YYN4NDILCMJ7IPX" time="0.032">
  <properties/>
  <testcase name="testSomeLibraryMethod" classname="com.tw.LibraryTest" time="0.032"/>
  <testcase name="testStudent" classname="com.tw.LibraryTest" time="0.0"/>
  <system-out><![CDATA[]]></system-out>
  <system-err><![CDATA[]]></system-err>
</testsuite>
